TN:
SF:src/context/AuthContext.tsx
FN:20,authReducer
FN:55,AuthProvider
FN:59,(anonymous_2)
FN:63,(anonymous_3)
FN:78,(anonymous_4)
FN:103,(anonymous_5)
FN:127,(anonymous_6)
FN:133,(anonymous_7)
FN:138,(anonymous_8)
FN:152,useAuth
FNF:10
FNH:0
FNDA:0,authReducer
FNDA:0,AuthProvider
FNDA:0,(anonymous_2)
FNDA:0,(anonymous_3)
FNDA:0,(anonymous_4)
FNDA:0,(anonymous_5)
FNDA:0,(anonymous_6)
FNDA:0,(anonymous_7)
FNDA:0,(anonymous_8)
FNDA:0,useAuth
DA:13,0
DA:21,0
DA:23,0
DA:25,0
DA:33,0
DA:35,0
DA:37,0
DA:51,0
DA:56,0
DA:59,0
DA:60,0
DA:63,0
DA:64,0
DA:65,0
DA:66,0
DA:67,0
DA:68,0
DA:69,0
DA:71,0
DA:74,0
DA:78,0
DA:79,0
DA:80,0
DA:83,0
DA:92,0
DA:94,0
DA:95,0
DA:96,0
DA:98,0
DA:99,0
DA:103,0
DA:104,0
DA:105,0
DA:107,0
DA:116,0
DA:118,0
DA:119,0
DA:120,0
DA:122,0
DA:123,0
DA:127,0
DA:128,0
DA:129,0
DA:130,0
DA:133,0
DA:135,0
DA:138,0
DA:139,0
DA:140,0
DA:143,0
DA:153,0
DA:154,0
DA:155,0
LF:53
LH:0
BRDA:21,0,0,0
BRDA:21,0,1,0
BRDA:21,0,2,0
BRDA:21,0,3,0
BRDA:21,0,4,0
BRDA:67,1,0,0
BRDA:67,1,1,0
BRDA:67,2,0,0
BRDA:67,2,1,0
BRDA:85,3,0,0
BRDA:85,3,1,0
BRDA:86,4,0,0
BRDA:86,4,1,0
BRDA:109,5,0,0
BRDA:109,5,1,0
BRDA:110,6,0,0
BRDA:110,6,1,0
BRDA:154,7,0,0
BRDA:154,7,1,0
BRF:19
BRH:0
end_of_record
TN:
SF:src/context/EventContext.tsx
FN:21,eventReducer
FN:30,(anonymous_1)
FN:33,(anonymous_2)
FN:56,EventProvider
FN:59,(anonymous_4)
FN:71,(anonymous_5)
FN:76,(anonymous_6)
FN:89,(anonymous_7)
FN:92,(anonymous_8)
FN:97,(anonymous_9)
FN:99,(anonymous_10)
FN:104,(anonymous_11)
FN:105,(anonymous_12)
FN:107,(anonymous_13)
FN:114,(anonymous_14)
FN:118,(anonymous_15)
FN:130,useEvents
FNF:17
FNH:13
FNDA:16,eventReducer
FNDA:0,(anonymous_1)
FNDA:0,(anonymous_2)
FNDA:25,EventProvider
FNDA:5,(anonymous_4)
FNDA:6,(anonymous_5)
FNDA:4,(anonymous_6)
FNDA:1,(anonymous_7)
FNDA:1,(anonymous_8)
FNDA:1,(anonymous_9)
FNDA:1,(anonymous_10)
FNDA:0,(anonymous_11)
FNDA:0,(anonymous_12)
FNDA:2,(anonymous_13)
FNDA:7,(anonymous_14)
FNDA:6,(anonymous_15)
FNDA:28,useEvents
DA:19,1
DA:22,16
DA:24,11
DA:26,0
DA:28,0
DA:30,0
DA:33,0
DA:35,5
DA:37,0
DA:52,1
DA:54,1
DA:57,25
DA:59,25
DA:60,5
DA:61,5
DA:62,5
DA:63,5
DA:64,5
DA:66,0
DA:71,25
DA:72,6
DA:73,6
DA:76,25
DA:77,4
DA:83,4
DA:84,4
DA:85,4
DA:86,4
DA:89,25
DA:90,1
DA:91,1
DA:92,1
DA:93,1
DA:94,1
DA:97,25
DA:98,1
DA:99,1
DA:100,1
DA:101,1
DA:104,25
DA:105,0
DA:107,25
DA:108,2
DA:109,2
DA:110,2
DA:111,2
DA:112,2
DA:113,2
DA:115,7
DA:116,7
DA:118,6
DA:121,25
DA:131,28
DA:132,27
DA:133,25
LF:55
LH:48
BRDA:22,0,0,11
BRDA:22,0,1,0
BRDA:22,0,2,0
BRDA:22,0,3,0
BRDA:22,0,4,5
BRDA:22,0,5,0
BRDA:30,1,0,0
BRDA:30,1,1,0
BRDA:63,2,0,5
BRDA:63,2,1,0
BRDA:73,3,0,4
BRDA:73,3,1,2
BRDA:92,4,0,1
BRDA:92,4,1,0
BRDA:116,5,0,7
BRDA:116,5,1,7
BRDA:132,6,0,2
BRDA:132,6,1,25
BRF:18
BRH:10
end_of_record
TN:
SF:src/navigation/AppNavigator.tsx
FN:27,AuthNavigator
FN:39,CalendarNavigator
FN:57,MainNavigator
FN:60,(anonymous_3)
FN:61,(anonymous_4)
FN:93,AppNavigator
FNF:6
FNH:0
FNDA:0,AuthNavigator
FNDA:0,CalendarNavigator
FNDA:0,MainNavigator
FNDA:0,(anonymous_3)
FNDA:0,(anonymous_4)
FNDA:0,AppNavigator
DA:20,0
DA:21,0
DA:22,0
DA:23,0
DA:28,0
DA:40,0
DA:58,0
DA:60,0
DA:62,0
DA:67,0
DA:94,0
DA:96,0
DA:97,0
DA:105,0
DA:118,0
LF:15
LH:0
BRDA:63,0,0,0
BRDA:63,0,1,0
BRDA:64,1,0,0
BRDA:64,1,1,0
BRDA:65,2,0,0
BRDA:65,2,1,0
BRDA:96,3,0,0
BRDA:96,3,1,0
BRDA:108,4,0,0
BRDA:108,4,1,0
BRF:10
BRH:0
end_of_record
TN:
SF:src/screens/account/AccountScreen.tsx
FN:10,AccountScreen
FN:20,(anonymous_1)
FN:21,(anonymous_2)
FN:23,(anonymous_3)
FN:41,(anonymous_4)
FN:53,(anonymous_5)
FN:84,(anonymous_6)
FN:94,(anonymous_7)
FN:100,(anonymous_8)
FN:110,(anonymous_9)
FNF:10
FNH:0
FNDA:0,AccountScreen
FNDA:0,(anonymous_1)
FNDA:0,(anonymous_2)
FNDA:0,(anonymous_3)
FNDA:0,(anonymous_4)
FNDA:0,(anonymous_5)
FNDA:0,(anonymous_6)
FNDA:0,(anonymous_7)
FNDA:0,(anonymous_8)
FNDA:0,(anonymous_9)
DA:11,0
DA:12,0
DA:13,0
DA:20,0
DA:21,0
DA:23,0
DA:24,0
DA:25,0
DA:27,0
DA:28,0
DA:37,0
DA:38,0
DA:41,0
DA:42,0
DA:48,0
DA:49,0
DA:53,0
DA:54,0
DA:60,0
DA:84,0
DA:95,0
DA:100,0
DA:111,0
DA:112,0
DA:145,0
LF:25
LH:0
BRDA:14,0,0,0
BRDA:14,0,1,0
BRDA:15,1,0,0
BRDA:15,1,1,0
BRDA:16,2,0,0
BRDA:16,2,1,0
BRDA:17,3,0,0
BRDA:17,3,1,0
BRDA:24,4,0,0
BRDA:24,4,1,0
BRDA:24,5,0,0
BRDA:24,5,1,0
BRDA:27,6,0,0
BRDA:27,6,1,0
BRDA:32,7,0,0
BRDA:32,7,1,0
BRDA:33,8,0,0
BRDA:33,8,1,0
BRDA:48,9,0,0
BRDA:48,9,1,0
BRDA:48,10,0,0
BRDA:48,10,1,0
BRDA:65,11,0,0
BRDA:65,11,1,0
BRDA:70,12,0,0
BRDA:70,12,1,0
BRDA:70,13,0,0
BRDA:70,13,1,0
BRDA:77,14,0,0
BRDA:77,14,1,0
BRDA:84,15,0,0
BRDA:84,15,1,0
BRDA:85,16,0,0
BRDA:85,16,1,0
BRDA:98,17,0,0
BRDA:98,17,1,0
BRDA:104,18,0,0
BRDA:104,18,1,0
BRDA:109,19,0,0
BRDA:109,19,1,0
BRDA:113,20,0,0
BRDA:113,20,1,0
BRDA:114,21,0,0
BRDA:114,21,1,0
BRDA:115,22,0,0
BRDA:115,22,1,0
BRDA:116,23,0,0
BRDA:116,23,1,0
BRF:48
BRH:0
end_of_record
TN:
SF:src/screens/auth/ForgotPasswordScreen.tsx
FN:15,ForgotPasswordScreen
FN:21,(anonymous_1)
FN:37,(anonymous_2)
FN:78,(anonymous_3)
FN:85,(anonymous_4)
FNF:5
FNH:0
FNDA:0,ForgotPasswordScreen
FNDA:0,(anonymous_1)
FNDA:0,(anonymous_2)
FNDA:0,(anonymous_3)
FNDA:0,(anonymous_4)
DA:16,0
DA:17,0
DA:18,0
DA:19,0
DA:21,0
DA:22,0
DA:23,0
DA:24,0
DA:25,0
DA:26,0
DA:28,0
DA:30,0
DA:34,0
DA:37,0
DA:78,0
DA:85,0
DA:94,0
LF:17
LH:0
BRDA:22,0,0,0
BRDA:22,0,1,0
BRDA:35,1,0,0
BRDA:35,1,1,0
BRDA:41,2,0,0
BRDA:41,2,1,0
BRDA:42,3,0,0
BRDA:42,3,1,0
BRDA:44,4,0,0
BRDA:44,4,1,0
BRDA:49,5,0,0
BRDA:49,5,1,0
BRDA:64,6,0,0
BRDA:64,6,1,0
BRDA:69,7,0,0
BRDA:69,7,1,0
BRDA:75,8,0,0
BRDA:75,8,1,0
BRDA:84,9,0,0
BRDA:84,9,1,0
BRF:20
BRH:0
end_of_record
TN:
SF:src/screens/auth/LoginScreen.tsx
FN:15,LoginScreen
FN:22,(anonymous_1)
FN:49,(anonymous_2)
FN:53,(anonymous_3)
FN:90,(anonymous_4)
FN:90,(anonymous_5)
FN:100,(anonymous_6)
FN:119,(anonymous_7)
FNF:8
FNH:0
FNDA:0,LoginScreen
FNDA:0,(anonymous_1)
FNDA:0,(anonymous_2)
FNDA:0,(anonymous_3)
FNDA:0,(anonymous_4)
FNDA:0,(anonymous_5)
FNDA:0,(anonymous_6)
FNDA:0,(anonymous_7)
DA:16,0
DA:17,0
DA:18,0
DA:19,0
DA:20,0
DA:22,0
DA:23,0
DA:24,0
DA:25,0
DA:27,0
DA:28,0
DA:30,0
DA:34,0
DA:50,0
DA:53,0
DA:90,0
DA:100,0
DA:119,0
DA:128,0
LF:19
LH:0
BRDA:23,0,0,0
BRDA:23,0,1,0
BRDA:23,1,0,0
BRDA:23,1,1,0
BRDA:37,2,0,0
BRDA:37,2,1,0
BRDA:52,3,0,0
BRDA:52,3,1,0
BRDA:55,4,0,0
BRDA:55,4,1,0
BRDA:56,5,0,0
BRDA:56,5,1,0
BRDA:64,6,0,0
BRDA:64,6,1,0
BRDA:67,7,0,0
BRDA:67,7,1,0
BRDA:70,8,0,0
BRDA:70,8,1,0
BRDA:72,9,0,0
BRDA:72,9,1,0
BRDA:92,10,0,0
BRDA:92,10,1,0
BRDA:107,11,0,0
BRDA:107,11,1,0
BRDA:112,12,0,0
BRDA:112,12,1,0
BRF:26
BRH:0
end_of_record
TN:
SF:src/screens/auth/RegisterScreen.tsx
FN:15,RegisterScreen
FN:24,(anonymous_1)
FN:25,(anonymous_2)
FN:27,(anonymous_3)
FN:44,(anonymous_4)
FN:50,(anonymous_5)
FN:66,(anonymous_6)
FN:70,(anonymous_7)
FN:84,(anonymous_8)
FN:89,(anonymous_9)
FN:106,(anonymous_10)
FN:109,(anonymous_11)
FN:109,(anonymous_12)
FN:119,(anonymous_13)
FN:135,(anonymous_14)
FNF:15
FNH:0
FNDA:0,RegisterScreen
FNDA:0,(anonymous_1)
FNDA:0,(anonymous_2)
FNDA:0,(anonymous_3)
FNDA:0,(anonymous_4)
FNDA:0,(anonymous_5)
FNDA:0,(anonymous_6)
FNDA:0,(anonymous_7)
FNDA:0,(anonymous_8)
FNDA:0,(anonymous_9)
FNDA:0,(anonymous_10)
FNDA:0,(anonymous_11)
FNDA:0,(anonymous_12)
FNDA:0,(anonymous_13)
FNDA:0,(anonymous_14)
DA:16,0
DA:17,0
DA:18,0
DA:22,0
DA:24,0
DA:25,0
DA:27,0
DA:28,0
DA:29,0
DA:30,0
DA:32,0
DA:33,0
DA:34,0
DA:35,0
DA:37,0
DA:38,0
DA:40,0
DA:44,0
DA:45,0
DA:50,0
DA:56,0
DA:67,0
DA:70,0
DA:84,0
DA:89,0
DA:106,0
DA:109,0
DA:119,0
DA:135,0
DA:144,0
LF:30
LH:0
BRDA:29,0,0,0
BRDA:29,0,1,0
BRDA:29,1,0,0
BRDA:29,1,1,0
BRDA:29,1,2,0
BRDA:32,2,0,0
BRDA:32,2,1,0
BRDA:32,3,0,0
BRDA:32,3,1,0
BRDA:33,4,0,0
BRDA:33,4,1,0
BRDA:33,5,0,0
BRDA:33,5,1,0
BRDA:34,6,0,0
BRDA:34,6,1,0
BRDA:35,7,0,0
BRDA:35,7,1,0
BRDA:57,8,0,0
BRDA:57,8,1,0
BRDA:69,9,0,0
BRDA:69,9,1,0
BRDA:72,10,0,0
BRDA:72,10,1,0
BRDA:73,11,0,0
BRDA:73,11,1,0
BRDA:93,12,0,0
BRDA:93,12,1,0
BRDA:110,13,0,0
BRDA:110,13,1,0
BRDA:125,14,0,0
BRDA:125,14,1,0
BRDA:129,15,0,0
BRDA:129,15,1,0
BRF:33
BRH:0
end_of_record
TN:
SF:src/screens/calendar/AddEditEventScreen.tsx
FN:38,AddEditEventScreen
FN:41,(anonymous_1)
FN:58,(anonymous_2)
FN:64,(anonymous_3)
FN:73,(anonymous_4)
FN:79,(anonymous_5)
FN:80,(anonymous_6)
FN:80,(anonymous_7)
FN:85,(anonymous_8)
FN:90,(anonymous_9)
FN:99,(anonymous_10)
FN:104,(anonymous_11)
FN:105,(anonymous_12)
FN:105,(anonymous_13)
FN:108,(anonymous_14)
FN:109,(anonymous_15)
FN:111,(anonymous_16)
FN:145,(anonymous_17)
FN:156,(anonymous_18)
FN:165,(anonymous_19)
FN:169,(anonymous_20)
FN:183,(anonymous_21)
FN:187,(anonymous_22)
FN:203,(anonymous_23)
FN:216,(anonymous_24)
FN:226,(anonymous_25)
FN:235,(anonymous_26)
FN:243,(anonymous_27)
FN:254,(anonymous_28)
FN:260,(anonymous_29)
FN:294,(anonymous_30)
FN:304,(anonymous_31)
FN:313,(anonymous_32)
FN:320,(anonymous_33)
FNF:34
FNH:0
FNDA:0,AddEditEventScreen
FNDA:0,(anonymous_1)
FNDA:0,(anonymous_2)
FNDA:0,(anonymous_3)
FNDA:0,(anonymous_4)
FNDA:0,(anonymous_5)
FNDA:0,(anonymous_6)
FNDA:0,(anonymous_7)
FNDA:0,(anonymous_8)
FNDA:0,(anonymous_9)
FNDA:0,(anonymous_10)
FNDA:0,(anonymous_11)
FNDA:0,(anonymous_12)
FNDA:0,(anonymous_13)
FNDA:0,(anonymous_14)
FNDA:0,(anonymous_15)
FNDA:0,(anonymous_16)
FNDA:0,(anonymous_17)
FNDA:0,(anonymous_18)
FNDA:0,(anonymous_19)
FNDA:0,(anonymous_20)
FNDA:0,(anonymous_21)
FNDA:0,(anonymous_22)
FNDA:0,(anonymous_23)
FNDA:0,(anonymous_24)
FNDA:0,(anonymous_25)
FNDA:0,(anonymous_26)
FNDA:0,(anonymous_27)
FNDA:0,(anonymous_28)
FNDA:0,(anonymous_29)
FNDA:0,(anonymous_30)
FNDA:0,(anonymous_31)
FNDA:0,(anonymous_32)
FNDA:0,(anonymous_33)
DA:24,0
DA:31,0
DA:39,0
DA:40,0
DA:41,0
DA:43,0
DA:57,0
DA:58,0
DA:60,0
DA:61,0
DA:62,0
DA:64,0
DA:65,0
DA:66,0
DA:67,0
DA:73,0
DA:74,0
DA:75,0
DA:76,0
DA:79,0
DA:80,0
DA:84,0
DA:85,0
DA:87,0
DA:88,0
DA:90,0
DA:91,0
DA:92,0
DA:93,0
DA:94,0
DA:99,0
DA:100,0
DA:101,0
DA:104,0
DA:105,0
DA:108,0
DA:109,0
DA:111,0
DA:112,0
DA:113,0
DA:114,0
DA:115,0
DA:116,0
DA:118,0
DA:120,0
DA:122,0
DA:126,0
DA:145,0
DA:156,0
DA:166,0
DA:169,0
DA:184,0
DA:187,0
DA:203,0
DA:216,0
DA:226,0
DA:236,0
DA:243,0
DA:254,0
DA:260,0
DA:294,0
DA:304,0
DA:314,0
DA:320,0
DA:360,0
LF:65
LH:0
BRDA:41,0,0,0
BRDA:41,0,1,0
BRDA:44,1,0,0
BRDA:44,1,1,0
BRDA:45,2,0,0
BRDA:45,2,1,0
BRDA:45,2,2,0
BRDA:45,3,0,0
BRDA:45,3,1,0
BRDA:46,4,0,0
BRDA:46,4,1,0
BRDA:47,5,0,0
BRDA:47,5,1,0
BRDA:48,6,0,0
BRDA:48,6,1,0
BRDA:49,7,0,0
BRDA:49,7,1,0
BRDA:50,8,0,0
BRDA:50,8,1,0
BRDA:51,9,0,0
BRDA:51,9,1,0
BRDA:52,10,0,0
BRDA:52,10,1,0
BRDA:53,11,0,0
BRDA:53,11,1,0
BRDA:58,12,0,0
BRDA:58,12,1,0
BRDA:58,13,0,0
BRDA:58,13,1,0
BRDA:65,14,0,0
BRDA:65,14,1,0
BRDA:66,15,0,0
BRDA:66,15,1,0
BRDA:66,16,0,0
BRDA:66,16,1,0
BRDA:70,17,0,0
BRDA:70,17,1,0
BRDA:85,18,0,0
BRDA:85,18,1,0
BRDA:91,19,0,0
BRDA:91,19,1,0
BRDA:92,20,0,0
BRDA:92,20,1,0
BRDA:112,21,0,0
BRDA:112,21,1,0
BRDA:115,22,0,0
BRDA:115,22,1,0
BRDA:115,23,0,0
BRDA:115,23,1,0
BRDA:129,24,0,0
BRDA:129,24,1,0
BRDA:130,25,0,0
BRDA:130,25,1,0
BRDA:137,26,0,0
BRDA:137,26,1,0
BRDA:168,27,0,0
BRDA:168,27,1,0
BRDA:171,28,0,0
BRDA:171,28,1,0
BRDA:186,29,0,0
BRDA:186,29,1,0
BRDA:189,30,0,0
BRDA:189,30,1,0
BRDA:221,31,0,0
BRDA:221,31,1,0
BRDA:237,32,0,0
BRDA:237,32,1,0
BRDA:240,33,0,0
BRDA:240,33,1,0
BRDA:241,34,0,0
BRDA:241,34,1,0
BRDA:253,35,0,0
BRDA:253,35,1,0
BRDA:256,36,0,0
BRDA:256,36,1,0
BRDA:259,37,0,0
BRDA:259,37,1,0
BRDA:262,38,0,0
BRDA:262,38,1,0
BRDA:269,39,0,0
BRDA:269,39,1,0
BRDA:271,40,0,0
BRDA:271,40,1,0
BRDA:299,41,0,0
BRDA:299,41,1,0
BRDA:352,42,0,0
BRDA:352,42,1,0
BRF:87
BRH:0
end_of_record
TN:
SF:src/screens/calendar/CalendarScreen.tsx
FN:17,CalendarScreen
FN:23,(anonymous_1)
FN:26,(anonymous_2)
FN:37,(anonymous_3)
FN:39,(anonymous_4)
FN:42,(anonymous_5)
FN:46,(anonymous_6)
FN:61,(anonymous_7)
FN:65,(anonymous_8)
FN:77,(anonymous_9)
FN:106,(anonymous_10)
FN:115,(anonymous_11)
FNF:12
FNH:11
FNDA:14,CalendarScreen
FNDA:14,(anonymous_1)
FNDA:10,(anonymous_2)
FNDA:10,(anonymous_3)
FNDA:1,(anonymous_4)
FNDA:1,(anonymous_5)
FNDA:9,(anonymous_6)
FNDA:1,(anonymous_7)
FNDA:1,(anonymous_8)
FNDA:0,(anonymous_9)
FNDA:1,(anonymous_10)
FNDA:17,(anonymous_11)
DA:18,14
DA:19,14
DA:23,14
DA:26,14
DA:27,10
DA:32,10
DA:37,14
DA:39,14
DA:40,1
DA:42,1
DA:46,14
DA:47,9
DA:61,1
DA:65,1
DA:72,14
DA:77,0
DA:106,1
DA:115,17
DA:127,1
LF:19
LH:18
BRDA:30,0,0,9
BRDA:30,0,1,1
BRDA:52,1,0,8
BRDA:52,1,1,1
BRDA:53,2,0,1
BRDA:53,2,1,8
BRDA:54,3,0,0
BRDA:54,3,1,9
BRDA:56,4,0,0
BRDA:56,4,1,9
BRDA:100,5,0,8
BRDA:100,5,1,6
BRDA:101,6,0,1
BRDA:101,6,1,7
BRF:14
BRH:12
end_of_record
TN:
SF:src/screens/home/HomeScreen.tsx
FN:12,HomeScreen
FN:16,(anonymous_1)
FN:19,(anonymous_2)
FN:23,(anonymous_3)
FN:28,(anonymous_4)
FN:44,(anonymous_5)
FN:69,(anonymous_6)
FN:76,(anonymous_7)
FN:91,(anonymous_8)
FN:107,(anonymous_9)
FN:108,(anonymous_10)
FN:109,(anonymous_11)
FN:115,StatCard
FN:125,getTimeOfDay
FNF:14
FNH:13
FNDA:11,HomeScreen
FNDA:2,(anonymous_1)
FNDA:1,(anonymous_2)
FNDA:11,(anonymous_3)
FNDA:11,(anonymous_4)
FNDA:2,(anonymous_5)
FNDA:1,(anonymous_6)
FNDA:0,(anonymous_7)
FNDA:19,(anonymous_8)
FNDA:11,(anonymous_9)
FNDA:11,(anonymous_10)
FNDA:11,(anonymous_11)
FNDA:33,StatCard
FNDA:11,getTimeOfDay
DA:13,11
DA:14,11
DA:16,11
DA:17,2
DA:19,1
DA:23,11
DA:25,11
DA:26,11
DA:28,11
DA:29,11
DA:30,11
DA:44,2
DA:51,11
DA:70,1
DA:76,0
DA:91,19
DA:107,11
DA:108,11
DA:109,11
DA:116,33
DA:126,11
DA:127,11
DA:128,11
DA:129,11
DA:132,1
LF:25
LH:24
BRDA:37,0,0,11
BRDA:37,0,1,1
BRDA:38,1,0,11
BRDA:38,1,1,1
BRDA:41,2,0,11
BRDA:41,2,1,0
BRDA:42,3,0,0
BRDA:42,3,1,11
BRDA:59,4,0,8
BRDA:59,4,1,3
BRDA:60,5,0,2
BRDA:60,5,1,6
BRDA:66,6,0,11
BRDA:66,6,1,1
BRDA:87,7,0,8
BRDA:87,7,1,3
BRDA:109,8,0,11
BRDA:109,8,1,10
BRDA:127,9,0,0
BRDA:127,9,1,11
BRDA:128,10,0,0
BRDA:128,10,1,11
BRF:22
BRH:18
end_of_record
TN:
SF:src/utils/helpers.ts
FN:3,formatDate
FN:8,daysUntil
FN:16,getCategoryEmoji
FN:26,generateWhatsAppMessage
FNF:4
FNH:4
FNDA:29,formatDate
FNDA:19,daysUntil
FNDA:30,getCategoryEmoji
FNDA:6,generateWhatsAppMessage
DA:4,29
DA:5,29
DA:9,19
DA:10,19
DA:11,19
DA:12,19
DA:13,19
DA:17,30
DA:23,30
DA:27,6
LF:10
LH:10
BRDA:23,0,0,30
BRDA:23,0,1,1
BRF:2
BRH:2
end_of_record
TN:
SF:src/utils/theme.ts
FNF:0
FNH:0
DA:1,2
DA:14,2
DA:19,2
LF:3
LH:3
BRF:0
BRH:0
end_of_record
